<?xml version="1.0" encoding="UTF-8"?>
<!-- Generated by org.testng.reporters.JUnitReportReporter -->
<testsuite hostname="DESKTOP-0FOOI6C" failures="0" tests="2" name="qaclickacademy.AppiumTest" time="0.018" errors="0" timestamp="26 Mar 2021 13:41:01 GMT">
  <testcase classname="qaclickacademy.AppiumTest" name="IOSApps" time="0.016"/>
  <testcase classname="qaclickacademy.AppiumTest" name="NativeAppAndriod" time="0.002"/>
</testsuite> <!-- qaclickacademy.AppiumTest -->
