<?xml version="1.0" encoding="UTF-8"?>
<!-- Generated by org.testng.reporters.JUnitReportReporter -->
<testsuite hostname="DESKTOP-0FOOI6C" failures="0" tests="2" name="qaclickacademy.APITest" time="0.021" errors="0" timestamp="26 Mar 2021 13:41:00 GMT">
  <testcase classname="qaclickacademy.APITest" name="deleteTwitter" time="0.019"/>
  <testcase classname="qaclickacademy.APITest" name="postJira" time="0.002"/>
</testsuite> <!-- qaclickacademy.APITest -->
