<?xml version="1.0" encoding="UTF-8"?>
<!-- Generated by org.testng.reporters.JUnitReportReporter -->
<testsuite hostname="DESKTOP-0FOOI6C" failures="0" tests="2" name="qaclickacademy.AppiumTest" time="0.000" errors="0" timestamp="26 Mar 2021 17:12:06 GMT" skipped="0">
  <testcase classname="qaclickacademy.AppiumTest" name="NativeAppAndriod" time="0.000"/>
  <testcase classname="qaclickacademy.AppiumTest" name="IOSApps" time="0.000"/>
</testsuite> <!-- qaclickacademy.AppiumTest -->
